<?xml version="1.0" encoding="UTF-8"?>
<!-- Generated by org.testng.reporters.JUnitReportReporter -->
<testsuite hostname="Tarun" failures="0" tests="2" name="test.seleniumAdv" time="39.405" errors="0" timestamp="2022-10-28T15:39:30 IST" skipped="0">
  <testcase classname="test.seleniumAdv" name="TestScenario" time="22.794"/>
  <system-out/>
  <testcase classname="test.seleniumAdv" name="TestScenario" time="16.611"/>
  <system-out/>
</testsuite> <!-- test.seleniumAdv -->
